Fri Apr 27 2018 10:40:00 GMT+0200 (W. Europe Daylight Time): GET /about
Fri Apr 27 2018 10:43:18 GMT+0200 (W. Europe Daylight Time): GET /maintenance
Fri Apr 27 2018 10:45:58 GMT+0200 (W. Europe Daylight Time): GET /maintenance
Fri Apr 27 2018 10:46:40 GMT+0200 (W. Europe Daylight Time): GET /maintenance
Fri Apr 27 2018 10:46:49 GMT+0200 (W. Europe Daylight Time): GET /maintenance
Fri Apr 27 2018 10:47:02 GMT+0200 (W. Europe Daylight Time): GET /
Fri Apr 27 2018 10:48:19 GMT+0200 (W. Europe Daylight Time): GET /
Fri Apr 27 2018 10:48:58 GMT+0200 (W. Europe Daylight Time): GET /
Fri Apr 27 2018 10:49:59 GMT+0200 (W. Europe Daylight Time): GET /help.html
Fri Apr 27 2018 10:51:28 GMT+0200 (W. Europe Daylight Time): GET /help.html
Fri Apr 27 2018 10:51:33 GMT+0200 (W. Europe Daylight Time): GET /
Fri Apr 27 2018 10:51:35 GMT+0200 (W. Europe Daylight Time): GET /about
Fri Apr 27 2018 10:51:35 GMT+0200 (W. Europe Daylight Time): GET /about
Fri Apr 27 2018 10:51:36 GMT+0200 (W. Europe Daylight Time): GET /
Fri Apr 27 2018 10:51:37 GMT+0200 (W. Europe Daylight Time): GET /about
Fri Apr 27 2018 10:51:38 GMT+0200 (W. Europe Daylight Time): GET /
Tue May 01 2018 14:18:45 GMT+0200 (CEST): GET /
Tue May 01 2018 14:18:45 GMT+0200 (CEST): GET /favicon.ico
Tue May 01 2018 14:19:03 GMT+0200 (CEST): GET /
Tue May 01 2018 14:19:05 GMT+0200 (CEST): GET /projects
Tue May 01 2018 14:19:58 GMT+0200 (CEST): GET /projects
Tue May 01 2018 14:20:05 GMT+0200 (CEST): GET /projects
Tue May 01 2018 14:20:13 GMT+0200 (CEST): GET /
Tue May 01 2018 14:20:15 GMT+0200 (CEST): GET /about
Tue May 01 2018 14:20:16 GMT+0200 (CEST): GET /projects
Tue May 01 2018 14:20:17 GMT+0200 (CEST): GET /about
Tue May 01 2018 14:20:18 GMT+0200 (CEST): GET /
Tue May 01 2018 14:20:36 GMT+0200 (CEST): GET /about
Tue May 01 2018 14:20:38 GMT+0200 (CEST): GET /projects
Tue May 01 2018 14:20:40 GMT+0200 (CEST): GET /about
Tue May 01 2018 14:20:41 GMT+0200 (CEST): GET /
